<?xml version="1.0" encoding="UTF-8"?>
<!-- Generated by org.testng.reporters.JUnitReportReporter -->
<testsuite hostname="D1ML23473" name="Grid_BrowserStack1" tests="1" failures="0" timestamp="10 Jun 2019 10:35:27 GMT" time="0.001" errors="1">
  <testcase name="f" time="0.001" classname="Grid_BrowserStack1">
    <error type="org.openqa.selenium.WebDriverException" message="[GET, HEAD, DELETE]
Command duration or timeout: 7 milliseconds
Build info: version: &#039;2.53.0&#039;, revision: &#039;35ae25b&#039;, time: &#039;2016-03-15 17:00:58&#039;
System info: host: &#039;185-200-101-52&#039;, ip: &#039;185.200.101.52&#039;, os.name: &#039;windows&#039;, os.arch: &#039;x86&#039;, os.version: &#039;6.1&#039;, java.version: &#039;1.8.0_181&#039;
Driver info: org.openqa.selenium.chrome.ChromeDriver
Capabilities [{applicationCacheEnabled=false, rotatable=false, chrome.nativeEvents=false, databaseEnabled=false, handlesAlerts=true, version=14.0.835.163, platform=XP, browserConnectionEnabled=false, nativeEvents=true, acceptSslCerts=false, locationContextEnabled=false, webStorageEnabled=true, browserName=chrome, takesScreenshot=true, chrome.chromedriverVersion=20.0.1133.0, javascriptEnabled=true, cssSelectorsEnabled=true}]
Session ID: e33af3f36874ea8612ecfbbb4a6c9732
Command duration or timeout: 216 milliseconds
Build info: version: &#039;2.53.0&#039;, revision: &#039;35ae25b&#039;, time: &#039;2016-03-15 17:00:58&#039;
System info: host: &#039;D1ML23473&#039;, ip: &#039;10.107.106.217&#039;, os.name: &#039;Windows 10&#039;, os.arch: &#039;amd64&#039;, os.version: &#039;10.0&#039;, java.version: &#039;1.8.0_211&#039;
Driver info: org.openqa.selenium.remote.RemoteWebDriver
Capabilities [{applicationCacheEnabled=false, rotatable=false, chrome.nativeEvents=false, databaseEnabled=false, handlesAlerts=true, version=14.0.835.163, platform=WINDOWS, browserConnectionEnabled=false, nativeEvents=true, acceptSslCerts=false, webdriver.remote.sessionid=e0b4658af59404b85c33bac681038325ebac3f13, locationContextEnabled=true, webStorageEnabled=true, browserName=chrome, takesScreenshot=true, chrome.chromedriverVersion=20.0.1133.0, javascriptEnabled=true, cssSelectorsEnabled=true}]
Session ID: e0b4658af59404b85c33bac681038325ebac3f13">
      <![CDATA[org.openqa.selenium.WebDriverException: [GET, HEAD, DELETE]
Command duration or timeout: 7 milliseconds
Build info: version: '2.53.0', revision: '35ae25b', time: '2016-03-15 17:00:58'
System info: host: '185-200-101-52', ip: '185.200.101.52', os.name: 'windows', os.arch: 'x86', os.version: '6.1', java.version: '1.8.0_181'
Driver info: org.openqa.selenium.chrome.ChromeDriver
Capabilities [{applicationCacheEnabled=false, rotatable=false, chrome.nativeEvents=false, databaseEnabled=false, handlesAlerts=true, version=14.0.835.163, platform=XP, browserConnectionEnabled=false, nativeEvents=true, acceptSslCerts=false, locationContextEnabled=false, webStorageEnabled=true, browserName=chrome, takesScreenshot=true, chrome.chromedriverVersion=20.0.1133.0, javascriptEnabled=true, cssSelectorsEnabled=true}]
Session ID: e33af3f36874ea8612ecfbbb4a6c9732
Command duration or timeout: 216 milliseconds
Build info: version: '2.53.0', revision: '35ae25b', time: '2016-03-15 17:00:58'
System info: host: 'D1ML23473', ip: '10.107.106.217', os.name: 'Windows 10', os.arch: 'amd64', os.version: '10.0', java.version: '1.8.0_211'
Driver info: org.openqa.selenium.remote.RemoteWebDriver
Capabilities [{applicationCacheEnabled=false, rotatable=false, chrome.nativeEvents=false, databaseEnabled=false, handlesAlerts=true, version=14.0.835.163, platform=WINDOWS, browserConnectionEnabled=false, nativeEvents=true, acceptSslCerts=false, webdriver.remote.sessionid=e0b4658af59404b85c33bac681038325ebac3f13, locationContextEnabled=true, webStorageEnabled=true, browserName=chrome, takesScreenshot=true, chrome.chromedriverVersion=20.0.1133.0, javascriptEnabled=true, cssSelectorsEnabled=true}]
Session ID: e0b4658af59404b85c33bac681038325ebac3f13
	at sun.reflect.NativeConstructorAccessorImpl.newInstance0(Native Method)
	at sun.reflect.NativeConstructorAccessorImpl.newInstance(NativeConstructorAccessorImpl.java:62)
	at sun.reflect.DelegatingConstructorAccessorImpl.newInstance(DelegatingConstructorAccessorImpl.java:45)
	at java.lang.reflect.Constructor.newInstance(Constructor.java:423)
	at org.openqa.selenium.remote.ErrorHandler.createThrowable(ErrorHandler.java:206)
	at org.openqa.selenium.remote.ErrorHandler.throwIfResponseFailed(ErrorHandler.java:158)
	at org.openqa.selenium.remote.RemoteWebDriver.execute(RemoteWebDriver.java:678)
	at org.openqa.selenium.remote.RemoteWebDriver$RemoteWebDriverOptions$RemoteTimeouts.implicitlyWait(RemoteWebDriver.java:865)
	at Grid_BrowserStack1.beforeMethod(Grid_BrowserStack1.java:63)
	at sun.reflect.NativeMethodAccessorImpl.invoke0(Native Method)
	at sun.reflect.NativeMethodAccessorImpl.invoke(NativeMethodAccessorImpl.java:62)
	at sun.reflect.DelegatingMethodAccessorImpl.invoke(DelegatingMethodAccessorImpl.java:43)
	at java.lang.reflect.Method.invoke(Method.java:498)
	at org.testng.internal.MethodInvocationHelper.invokeMethod(MethodInvocationHelper.java:85)
	at org.testng.internal.Invoker.invokeConfigurationMethod(Invoker.java:510)
	at org.testng.internal.Invoker.invokeConfigurations(Invoker.java:211)
	at org.testng.internal.Invoker.invokeMethod(Invoker.java:585)
	at org.testng.internal.Invoker.invokeTestMethod(Invoker.java:816)
	at org.testng.internal.Invoker.invokeTestMethods(Invoker.java:1124)
	at org.testng.internal.TestMethodWorker.invokeTestMethods(TestMethodWorker.java:125)
	at org.testng.internal.TestMethodWorker.run(TestMethodWorker.java:108)
	at org.testng.TestRunner.privateRun(TestRunner.java:774)
	at org.testng.TestRunner.run(TestRunner.java:624)
	at org.testng.SuiteRunner.runTest(SuiteRunner.java:359)
	at org.testng.SuiteRunner.runSequentially(SuiteRunner.java:354)
	at org.testng.SuiteRunner.privateRun(SuiteRunner.java:312)
	at org.testng.SuiteRunner.run(SuiteRunner.java:261)
	at org.testng.SuiteRunnerWorker.runSuite(SuiteRunnerWorker.java:52)
	at org.testng.SuiteRunnerWorker.run(SuiteRunnerWorker.java:86)
	at org.testng.TestNG.runSuitesSequentially(TestNG.java:1215)
	at org.testng.TestNG.runSuitesLocally(TestNG.java:1140)
	at org.testng.TestNG.run(TestNG.java:1048)
	at org.testng.remote.AbstractRemoteTestNG.run(AbstractRemoteTestNG.java:115)
	at org.testng.remote.RemoteTestNG.initAndRun(RemoteTestNG.java:251)
	at org.testng.remote.RemoteTestNG.main(RemoteTestNG.java:77)
Caused by: org.openqa.selenium.UnsupportedCommandException: [GET, HEAD, DELETE]
Command duration or timeout: 7 milliseconds
Build info: version: '2.53.0', revision: '35ae25b', time: '2016-03-15 17:00:58'
System info: host: '185-200-101-52', ip: '185.200.101.52', os.name: 'windows', os.arch: 'x86', os.version: '6.1', java.version: '1.8.0_181'
Driver info: org.openqa.selenium.chrome.ChromeDriver
Capabilities [{applicationCacheEnabled=false, rotatable=false, chrome.nativeEvents=false, databaseEnabled=false, handlesAlerts=true, version=14.0.835.163, platform=XP, browserConnectionEnabled=false, nativeEvents=true, acceptSslCerts=false, locationContextEnabled=false, webStorageEnabled=true, browserName=chrome, takesScreenshot=true, chrome.chromedriverVersion=20.0.1133.0, javascriptEnabled=true, cssSelectorsEnabled=true}]
Session ID: e33af3f36874ea8612ecfbbb4a6c9732
Build info: version: '2.53.0', revision: '35ae25b', time: '2016-03-15 17:00:58'
System info: host: 'D1ML23473', ip: '10.107.106.217', os.name: 'Windows 10', os.arch: 'amd64', os.version: '10.0', java.version: '1.8.0_211'
Driver info: driver.version: RemoteWebDriver
	at sun.reflect.NativeConstructorAccessorImpl.newInstance0(Native Method)
	at sun.reflect.NativeConstructorAccessorImpl.newInstance(Unknown Source)
	at sun.reflect.DelegatingConstructorAccessorImpl.newInstance(Unknown Source)
	at java.lang.reflect.Constructor.newInstance(Unknown Source)
	at org.openqa.selenium.remote.ErrorHandler.createThrowable(ErrorHandler.java:206)
	at org.openqa.selenium.remote.ErrorHandler.throwIfResponseFailed(ErrorHandler.java:158)
	at org.openqa.selenium.remote.RemoteWebDriver.execute(RemoteWebDriver.java:678)
	at org.openqa.selenium.remote.RemoteWebDriver$RemoteWebDriverOptions$RemoteTimeouts.implicitlyWait(RemoteWebDriver.java:865)
	at org.openqa.selenium.support.events.EventFiringWebDriver$EventFiringTimeouts.implicitlyWait(EventFiringWebDriver.java:563)
	at org.openqa.selenium.remote.server.handler.ConfigureTimeout.call(ConfigureTimeout.java:48)
	at org.openqa.selenium.remote.server.handler.ConfigureTimeout.call(ConfigureTimeout.java:1)
	at java.util.concurrent.FutureTask.run(Unknown Source)
	at org.openqa.selenium.remote.server.DefaultSession$1.run(DefaultSession.java:176)
	at java.util.concurrent.ThreadPoolExecutor.runWorker(Unknown Source)
	at java.util.concurrent.ThreadPoolExecutor$Worker.run(Unknown Source)
	at java.lang.Thread.run(Unknown Source)
]]>
    </error>
  </testcase> <!-- f -->
</testsuite> <!-- Grid_BrowserStack1 -->
