<?xml version="1.0" encoding="UTF-8"?>
<!-- Generated by org.testng.reporters.JUnitXMLReporter -->
<testsuite hostname="D1ML23473" tests="1" failures="0" timestamp="10 Jun 2019 11:16:17 GMT" time="7.716" errors="0">
  <testcase name="@BeforeMethod beforeMethod" time="0.0" classname="TestNG_GridBS">
    <failure type="org.openqa.selenium.WebDriverException" message="[GET, HEAD, DELETE]
Command duration or timeout: 11 milliseconds
Build info: version: &amp;apos;2.53.0&amp;apos;, revision: &amp;apos;35ae25b&amp;apos;, time: &amp;apos;2016-03-15 17:00:58&amp;apos;
System info: host: &amp;apos;185-200-101-85&amp;apos;, ip: &amp;apos;185.200.101.85&amp;apos;, os.name: &amp;apos;windows&amp;apos;, os.arch: &amp;apos;x86&amp;apos;, os.version: &amp;apos;6.1&amp;apos;, java.version: &amp;apos;1.8.0_181&amp;apos;
Driver info: org.openqa.selenium.chrome.ChromeDriver
Capabilities [{applicationCacheEnabled=false, rotatable=false, chrome.nativeEvents=false, databaseEnabled=false, handlesAlerts=true, version=14.0.835.163, platform=XP, browserConnectionEnabled=false, nativeEvents=true, acceptSslCerts=false, locationContextEnabled=false, webStorageEnabled=true, browserName=chrome, takesScreenshot=true, chrome.chromedriverVersion=20.0.1133.0, javascriptEnabled=true, cssSelectorsEnabled=true}]
Session ID: dc1f284353908b168d8b5a0c129277ba
Command duration or timeout: 213 milliseconds
Build info: version: &amp;apos;2.53.0&amp;apos;, revision: &amp;apos;35ae25b&amp;apos;, time: &amp;apos;2016-03-15 17:00:58&amp;apos;
System info: host: &amp;apos;D1ML23473&amp;apos;, ip: &amp;apos;10.107.106.217&amp;apos;, os.name: &amp;apos;Windows 10&amp;apos;, os.arch: &amp;apos;amd64&amp;apos;, os.version: &amp;apos;10.0&amp;apos;, java.version: &amp;apos;1.8.0_211&amp;apos;
Driver info: org.openqa.selenium.remote.RemoteWebDriver
Capabilities [{applicationCacheEnabled=false, rotatable=false, chrome.nativeEvents=false, databaseEnabled=false, handlesAlerts=true, version=14.0.835.163, platform=WINDOWS, browserConnectionEnabled=false, nativeEvents=true, acceptSslCerts=false, webdriver.remote.sessionid=d3cd616a8bba125ff9a28ba0e8614d62de4d5495, locationContextEnabled=true, webStorageEnabled=true, browserName=chrome, takesScreenshot=true, chrome.chromedriverVersion=20.0.1133.0, javascriptEnabled=true, cssSelectorsEnabled=true}]
Session ID: d3cd616a8bba125ff9a28ba0e8614d62de4d5495">
      <![CDATA[org.openqa.selenium.WebDriverException: [GET, HEAD, DELETE]
Command duration or timeout: 11 milliseconds
Build info: version: '2.53.0', revision: '35ae25b', time: '2016-03-15 17:00:58'
System info: host: '185-200-101-85', ip: '185.200.101.85', os.name: 'windows', os.arch: 'x86', os.version: '6.1', java.version: '1.8.0_181'
Driver info: org.openqa.selenium.chrome.ChromeDriver
Capabilities [{applicationCacheEnabled=false, rotatable=false, chrome.nativeEvents=false, databaseEnabled=false, handlesAlerts=true, version=14.0.835.163, platform=XP, browserConnectionEnabled=false, nativeEvents=true, acceptSslCerts=false, locationContextEnabled=false, webStorageEnabled=true, browserName=chrome, takesScreenshot=true, chrome.chromedriverVersion=20.0.1133.0, javascriptEnabled=true, cssSelectorsEnabled=true}]
Session ID: dc1f284353908b168d8b5a0c129277ba
Command duration or timeout: 213 milliseconds
Build info: version: '2.53.0', revision: '35ae25b', time: '2016-03-15 17:00:58'
System info: host: 'D1ML23473', ip: '10.107.106.217', os.name: 'Windows 10', os.arch: 'amd64', os.version: '10.0', java.version: '1.8.0_211'
Driver info: org.openqa.selenium.remote.RemoteWebDriver
Capabilities [{applicationCacheEnabled=false, rotatable=false, chrome.nativeEvents=false, databaseEnabled=false, handlesAlerts=true, version=14.0.835.163, platform=WINDOWS, browserConnectionEnabled=false, nativeEvents=true, acceptSslCerts=false, webdriver.remote.sessionid=d3cd616a8bba125ff9a28ba0e8614d62de4d5495, locationContextEnabled=true, webStorageEnabled=true, browserName=chrome, takesScreenshot=true, chrome.chromedriverVersion=20.0.1133.0, javascriptEnabled=true, cssSelectorsEnabled=true}]
Session ID: d3cd616a8bba125ff9a28ba0e8614d62de4d5495
	at sun.reflect.NativeConstructorAccessorImpl.newInstance0(Native Method)
	at sun.reflect.NativeConstructorAccessorImpl.newInstance(NativeConstructorAccessorImpl.java:62)
	at sun.reflect.DelegatingConstructorAccessorImpl.newInstance(DelegatingConstructorAccessorImpl.java:45)
	at java.lang.reflect.Constructor.newInstance(Constructor.java:423)
	at org.openqa.selenium.remote.ErrorHandler.createThrowable(ErrorHandler.java:206)
	at org.openqa.selenium.remote.ErrorHandler.throwIfResponseFailed(ErrorHandler.java:158)
	at org.openqa.selenium.remote.RemoteWebDriver.execute(RemoteWebDriver.java:678)
	at org.openqa.selenium.remote.RemoteWebDriver$RemoteWebDriverOptions$RemoteWindow.maximize(RemoteWebDriver.java:945)
	at TestNG_GridBS.beforeMethod(TestNG_GridBS.java:31)
	at sun.reflect.NativeMethodAccessorImpl.invoke0(Native Method)
	at sun.reflect.NativeMethodAccessorImpl.invoke(NativeMethodAccessorImpl.java:62)
	at sun.reflect.DelegatingMethodAccessorImpl.invoke(DelegatingMethodAccessorImpl.java:43)
	at java.lang.reflect.Method.invoke(Method.java:498)
	at org.testng.internal.MethodInvocationHelper.invokeMethod(MethodInvocationHelper.java:85)
	at org.testng.internal.Invoker.invokeConfigurationMethod(Invoker.java:510)
	at org.testng.internal.Invoker.invokeConfigurations(Invoker.java:211)
	at org.testng.internal.Invoker.invokeMethod(Invoker.java:585)
	at org.testng.internal.Invoker.invokeTestMethod(Invoker.java:816)
	at org.testng.internal.Invoker.invokeTestMethods(Invoker.java:1124)
	at org.testng.internal.TestMethodWorker.invokeTestMethods(TestMethodWorker.java:125)
	at org.testng.internal.TestMethodWorker.run(TestMethodWorker.java:108)
	at org.testng.TestRunner.privateRun(TestRunner.java:774)
	at org.testng.TestRunner.run(TestRunner.java:624)
	at org.testng.SuiteRunner.runTest(SuiteRunner.java:359)
	at org.testng.SuiteRunner.runSequentially(SuiteRunner.java:354)
	at org.testng.SuiteRunner.privateRun(SuiteRunner.java:312)
	at org.testng.SuiteRunner.run(SuiteRunner.java:261)
	at org.testng.SuiteRunnerWorker.runSuite(SuiteRunnerWorker.java:52)
	at org.testng.SuiteRunnerWorker.run(SuiteRunnerWorker.java:86)
	at org.testng.TestNG.runSuitesSequentially(TestNG.java:1215)
	at org.testng.TestNG.runSuitesLocally(TestNG.java:1140)
	at org.testng.TestNG.run(TestNG.java:1048)
	at org.testng.remote.AbstractRemoteTestNG.run(AbstractRemoteTestNG.java:115)
	at org.testng.remote.RemoteTestNG.initAndRun(RemoteTestNG.java:251)
	at org.testng.remote.RemoteTestNG.main(RemoteTestNG.java:77)
Caused by: org.openqa.selenium.UnsupportedCommandException: [GET, HEAD, DELETE]
Command duration or timeout: 11 milliseconds
Build info: version: '2.53.0', revision: '35ae25b', time: '2016-03-15 17:00:58'
System info: host: '185-200-101-85', ip: '185.200.101.85', os.name: 'windows', os.arch: 'x86', os.version: '6.1', java.version: '1.8.0_181'
Driver info: org.openqa.selenium.chrome.ChromeDriver
Capabilities [{applicationCacheEnabled=false, rotatable=false, chrome.nativeEvents=false, databaseEnabled=false, handlesAlerts=true, version=14.0.835.163, platform=XP, browserConnectionEnabled=false, nativeEvents=true, acceptSslCerts=false, locationContextEnabled=false, webStorageEnabled=true, browserName=chrome, takesScreenshot=true, chrome.chromedriverVersion=20.0.1133.0, javascriptEnabled=true, cssSelectorsEnabled=true}]
Session ID: dc1f284353908b168d8b5a0c129277ba
Build info: version: '2.53.0', revision: '35ae25b', time: '2016-03-15 17:00:58'
System info: host: 'D1ML23473', ip: '10.107.106.217', os.name: 'Windows 10', os.arch: 'amd64', os.version: '10.0', java.version: '1.8.0_211'
Driver info: driver.version: RemoteWebDriver
	at sun.reflect.NativeConstructorAccessorImpl.newInstance0(Native Method)
	at sun.reflect.NativeConstructorAccessorImpl.newInstance(Unknown Source)
	at sun.reflect.DelegatingConstructorAccessorImpl.newInstance(Unknown Source)
	at java.lang.reflect.Constructor.newInstance(Unknown Source)
	at org.openqa.selenium.remote.ErrorHandler.createThrowable(ErrorHandler.java:206)
	at org.openqa.selenium.remote.ErrorHandler.throwIfResponseFailed(ErrorHandler.java:158)
	at org.openqa.selenium.remote.RemoteWebDriver.execute(RemoteWebDriver.java:678)
	at org.openqa.selenium.remote.RemoteWebDriver$RemoteWebDriverOptions$RemoteWindow.maximize(RemoteWebDriver.java:945)
	at org.openqa.selenium.support.events.EventFiringWebDriver$EventFiringWindow.maximize(EventFiringWebDriver.java:644)
	at org.openqa.selenium.remote.server.handler.MaximizeWindow.call(MaximizeWindow.java:30)
	at org.openqa.selenium.remote.server.handler.MaximizeWindow.call(MaximizeWindow.java:1)
	at java.util.concurrent.FutureTask.run(Unknown Source)
	at org.openqa.selenium.remote.server.DefaultSession$1.run(DefaultSession.java:176)
	at java.util.concurrent.ThreadPoolExecutor.runWorker(Unknown Source)
	at java.util.concurrent.ThreadPoolExecutor$Worker.run(Unknown Source)
	at java.lang.Thread.run(Unknown Source)
]]>
    </failure>
  </testcase> <!-- @BeforeMethod beforeMethod -->
  <testcase name="@AfterMethod afterMethod" time="0.0" classname="TestNG_GridBS">
    <skipped/>
  </testcase> <!-- @AfterMethod afterMethod -->
  <testcase name="f" time="0.001" classname="TestNG_GridBS">
    <skipped/>
  </testcase> <!-- f -->
</testsuite>
